<?xml version="1.0" encoding="UTF-8"?>
<!-- Generated by org.testng.reporters.JUnitXMLReporter -->
<testsuite hostname="PALLA" ignored="13" name="All Tests" tests="1" failures="0" timestamp="2020-07-19T18:57:31 IST" time="13.362" errors="0">
  <testcase name="dragAndDropTest" time="3.465" classname="com.herokuapp.theinternet.test.ActionsRelated_Test"/>
  <testcase name="selectRadiobutton" time="0.0" classname="com.herokuapp.theinternet.test.CheckBoxDropDown_Test">
    <ignored/>
  </testcase> <!-- selectRadiobutton -->
  <testcase name="fileUpload_PositiveTest" time="0.0" classname="com.herokuapp.theinternet.test.FileUpload_Test">
    <ignored/>
  </testcase> <!-- fileUpload_PositiveTest -->
  <testcase name="selectAllDropDowns" time="0.0" classname="com.herokuapp.theinternet.test.CheckBoxDropDown_Test">
    <ignored/>
  </testcase> <!-- selectAllDropDowns -->
  <testcase name="clickByUsingKeys" time="0.0" classname="com.herokuapp.theinternet.test.ButtonClicksUsingDiffrentOptions">
    <ignored/>
  </testcase> <!-- clickByUsingKeys -->
  <testcase name="selectDropDownUsignVisibleText" time="0.0" classname="com.herokuapp.theinternet.test.CheckBoxDropDown_Test">
    <ignored/>
  </testcase> <!-- selectDropDownUsignVisibleText -->
  <testcase name="selectUncheckedChekbox" time="0.0" classname="com.herokuapp.theinternet.test.CheckBoxDropDown_Test">
    <ignored/>
  </testcase> <!-- selectUncheckedChekbox -->
  <testcase name="selectDropDownUsignValue" time="0.0" classname="com.herokuapp.theinternet.test.CheckBoxDropDown_Test">
    <ignored/>
  </testcase> <!-- selectDropDownUsignValue -->
  <testcase name="fill_form" time="0.0" classname="com.herokuapp.theinternet.test.ContactUsPage_Test">
    <ignored/>
  </testcase> <!-- fill_form -->
  <testcase name="selectDropDownUsignindex" time="0.0" classname="com.herokuapp.theinternet.test.CheckBoxDropDown_Test">
    <ignored/>
  </testcase> <!-- selectDropDownUsignindex -->
  <testcase name="clickByUsingJSExe" time="0.0" classname="com.herokuapp.theinternet.test.ButtonClicksUsingDiffrentOptions">
    <ignored/>
  </testcase> <!-- clickByUsingJSExe -->
  <testcase name="clickByUsingAct" time="0.0" classname="com.herokuapp.theinternet.test.ButtonClicksUsingDiffrentOptions">
    <ignored/>
  </testcase> <!-- clickByUsingAct -->
  <testcase name="fileUpload_NegativeTest" time="0.0" classname="com.herokuapp.theinternet.test.FileUpload_Test">
    <ignored/>
  </testcase> <!-- fileUpload_NegativeTest -->
  <testcase name="open_CheckTitle_ContactUsPage" time="0.0" classname="com.herokuapp.theinternet.test.ContactUsPage_Test">
    <ignored/>
  </testcase> <!-- open_CheckTitle_ContactUsPage -->
</testsuite> <!-- All Tests -->
