<?xml version="1.0" encoding="UTF-8"?>
<!-- Generated by org.testng.reporters.JUnitXMLReporter -->
<testsuite hostname="PALLA" ignored="2" tests="0" failures="0" timestamp="2020-07-16T19:45:17 IST" time="0.555" errors="0">
  <testcase name="open_CheckTitle_ContactUsPage" time="0.0" classname="com.herokuapp.theinternet.test.ContactUsPage_Test">
    <ignored/>
  </testcase> <!-- open_CheckTitle_ContactUsPage -->
  <testcase name="fill_form" time="0.0" classname="com.herokuapp.theinternet.test.ContactUsPage_Test">
    <ignored/>
  </testcase> <!-- fill_form -->
</testsuite>
