<?xml version="1.0" encoding="UTF-8"?>
<!-- Generated by org.testng.reporters.JUnitXMLReporter -->
<testsuite hostname="PALLA" ignored="0" name="FlieUploadTest" tests="2" failures="0" timestamp="2020-07-16T19:45:51 IST" time="34.234" errors="0">
  <testcase name="fileUpload_NegativeTest" time="3.218" classname="com.herokuapp.theinternet.test.FileUpload_Test"/>
  <testcase name="fileUpload_PositiveTest" time="2.707" classname="com.herokuapp.theinternet.test.FileUpload_Test"/>
</testsuite> <!-- FlieUploadTest -->
