<?xml version="1.0" encoding="UTF-8"?>
<!-- Generated by org.testng.reporters.JUnitXMLReporter -->
<testsuite hostname="PALLA" ignored="0" name="trailtest" tests="2" failures="0" timestamp="2020-07-14T16:05:37 IST" time="46.356" errors="0">
  <testcase name="open_CheckTitle_ContactUsPage" time="0.771" classname="com.herokuapp.theinternet.test.ContactUsPage_Test"/>
  <testcase name="fill_form" time="3.507" classname="com.herokuapp.theinternet.test.ContactUsPage_Test"/>
</testsuite> <!-- trailtest -->
